<?xml version="1.0" encoding="UTF-8"?>
<!-- Generated by org.testng.reporters.JUnitReportReporter -->
<testsuite hostname="GT0217" failures="0" tests="3" name="practoTestCases.PractoTestCases" time="42.697" errors="0" timestamp="2024-09-24T20:23:03 IST" skipped="0">
  <testcase classname="practoTestCases.PractoTestCases" name="verify_the_category_list_of_all_doctors" time="14.282"/>
  <system-out/>
  <testcase classname="practoTestCases.PractoTestCases" name="verify_doctor_details_date_time" time="15.004"/>
  <system-out/>
  <testcase classname="practoTestCases.PractoTestCases" name="verify_filtered_values" time="13.411"/>
  <system-out/>
</testsuite> <!-- practoTestCases.PractoTestCases -->
